{"name": "View a game for people above 14", "status": "broken", "statusDetails": {"message": "selenium.common.exceptions.ElementNotInteractableException: Message: element not interactable\n  (Session info: chrome=119.0.6045.106)\nStacktrace:\n\tGetHandleVerifier [0x00007FF6CA5082B2+55298]\n\t(No symbol) [0x00007FF6CA475E02]\n\t(No symbol) [0x00007FF6CA33045D]\n\t(No symbol) [0x00007FF6CA372B4C]\n\t(No symbol) [0x00007FF6CA3687BF]\n\t(No symbol) [0x00007FF6CA3920AA]\n\t(No symbol) [0x00007FF6CA3680CF]\n\t(No symbol) [0x00007FF6CA3922C0]\n\t(No symbol) [0x00007FF6CA3AAAA4]\n\t(No symbol) [0x00007FF6CA391E83]\n\t(No symbol) [0x00007FF6CA36670A]\n\t(No symbol) [0x00007FF6CA367964]\n\tGetHandleVerifier [0x00007FF6CA880AAB+3694587]\n\tGetHandleVerifier [0x00007FF6CA8D728E+4048862]\n\tGetHandleVerifier [0x00007FF6CA8CF173+4015811]\n\tGetHandleVerifier [0x00007FF6CA5A47D6+695590]\n\t(No symbol) [0x00007FF6CA480CE8]\n\t(No symbol) [0x00007FF6CA47CF34]\n\t(No symbol) [0x00007FF6CA47D062]\n\t(No symbol) [0x00007FF6CA46D3A3]\n\tBaseThreadInitThunk [0x00007FFD370A257D+29]\n\tRtlUserThreadStart [0x00007FFD3938AA78+40]\n\n", "trace": "  File \"c:\\users\\xinxn\\appdata\\local\\programs\\python\\python39\\lib\\site-packages\\behave\\model.py\", line 1329, in run\n    match.run(runner.context)\n  File \"c:\\users\\xinxn\\appdata\\local\\programs\\python\\python39\\lib\\site-packages\\behave\\matchers.py\", line 98, in run\n    self.func(context, *args, **kwargs)\n  File \"Features\\steps\\toysterSteps.py\", line 23, in clickAge\n    context.driver.find_element(\"id\", \"SiteNavLabel-age\").click()\n  File \"c:\\users\\xinxn\\appdata\\local\\programs\\python\\python39\\lib\\site-packages\\selenium\\webdriver\\remote\\webelement.py\", line 93, in click\n    self._execute(Command.CLICK_ELEMENT)\n  File \"c:\\users\\xinxn\\appdata\\local\\programs\\python\\python39\\lib\\site-packages\\selenium\\webdriver\\remote\\webelement.py\", line 394, in _execute\n    return self._parent.execute(command, params)\n  File \"c:\\users\\xinxn\\appdata\\local\\programs\\python\\python39\\lib\\site-packages\\selenium\\webdriver\\remote\\webdriver.py\", line 344, in execute\n    self.error_handler.check_response(response)\n  File \"c:\\users\\xinxn\\appdata\\local\\programs\\python\\python39\\lib\\site-packages\\selenium\\webdriver\\remote\\errorhandler.py\", line 229, in check_response\n    raise exception_class(message, screen, stacktrace)\n"}, "steps": [{"name": "Given Chrome browser is launched", "status": "passed", "start": 1699461873721, "stop": 1699461875349}, {"name": "When Open Toyster Page", "status": "passed", "start": 1699461875349, "stop": 1699461879482}, {"name": "Then Verify toyster is present", "status": "passed", "start": 1699461879482, "stop": 1699461879488}, {"name": "Then Click \"Age\"", "status": "broken", "statusDetails": {"message": "selenium.common.exceptions.ElementNotInteractableException: Message: element not interactable\n  (Session info: chrome=119.0.6045.106)\nStacktrace:\n\tGetHandleVerifier [0x00007FF6CA5082B2+55298]\n\t(No symbol) [0x00007FF6CA475E02]\n\t(No symbol) [0x00007FF6CA33045D]\n\t(No symbol) [0x00007FF6CA372B4C]\n\t(No symbol) [0x00007FF6CA3687BF]\n\t(No symbol) [0x00007FF6CA3920AA]\n\t(No symbol) [0x00007FF6CA3680CF]\n\t(No symbol) [0x00007FF6CA3922C0]\n\t(No symbol) [0x00007FF6CA3AAAA4]\n\t(No symbol) [0x00007FF6CA391E83]\n\t(No symbol) [0x00007FF6CA36670A]\n\t(No symbol) [0x00007FF6CA367964]\n\tGetHandleVerifier [0x00007FF6CA880AAB+3694587]\n\tGetHandleVerifier [0x00007FF6CA8D728E+4048862]\n\tGetHandleVerifier [0x00007FF6CA8CF173+4015811]\n\tGetHandleVerifier [0x00007FF6CA5A47D6+695590]\n\t(No symbol) [0x00007FF6CA480CE8]\n\t(No symbol) [0x00007FF6CA47CF34]\n\t(No symbol) [0x00007FF6CA47D062]\n\t(No symbol) [0x00007FF6CA46D3A3]\n\tBaseThreadInitThunk [0x00007FFD370A257D+29]\n\tRtlUserThreadStart [0x00007FFD3938AA78+40]\n\n", "trace": "  File \"c:\\users\\xinxn\\appdata\\local\\programs\\python\\python39\\lib\\site-packages\\behave\\model.py\", line 1329, in run\n    match.run(runner.context)\n  File \"c:\\users\\xinxn\\appdata\\local\\programs\\python\\python39\\lib\\site-packages\\behave\\matchers.py\", line 98, in run\n    self.func(context, *args, **kwargs)\n  File \"Features\\steps\\toysterSteps.py\", line 23, in clickAge\n    context.driver.find_element(\"id\", \"SiteNavLabel-age\").click()\n  File \"c:\\users\\xinxn\\appdata\\local\\programs\\python\\python39\\lib\\site-packages\\selenium\\webdriver\\remote\\webelement.py\", line 93, in click\n    self._execute(Command.CLICK_ELEMENT)\n  File \"c:\\users\\xinxn\\appdata\\local\\programs\\python\\python39\\lib\\site-packages\\selenium\\webdriver\\remote\\webelement.py\", line 394, in _execute\n    return self._parent.execute(command, params)\n  File \"c:\\users\\xinxn\\appdata\\local\\programs\\python\\python39\\lib\\site-packages\\selenium\\webdriver\\remote\\webdriver.py\", line 344, in execute\n    self.error_handler.check_response(response)\n  File \"c:\\users\\xinxn\\appdata\\local\\programs\\python\\python39\\lib\\site-packages\\selenium\\webdriver\\remote\\errorhandler.py\", line 229, in check_response\n    raise exception_class(message, screen, stacktrace)\n"}, "start": 1699461879488, "stop": 1699461879540}, {"name": "Then Click \"14 Years and Above\"", "status": "skipped", "start": 1699461879541, "stop": 1699461879541}, {"name": "Then Click \"SmartGames - Penguin Parade\" game", "status": "skipped", "start": 1699461879541, "stop": 1699461879541}, {"name": "And Close browser", "status": "skipped", "start": 1699461879541, "stop": 1699461879541}], "start": 1699461873720, "stop": 1699461879541, "uuid": "2ba22077-bfe2-404a-9e39-f23bd45b47fc", "historyId": "48f06dc01d8525f132ed0cc219ef1f4a", "fullName": "Test Toyster Website: View a game for people above 14", "labels": [{"name": "severity", "value": "normal"}, {"name": "feature", "value": "Test Toyster Website"}, {"name": "framework", "value": "behave"}, {"name": "language", "value": "cpython3"}]}